/Development/plone/plone.restapi/bin/sphinxPython /Development/plone/plone.restapi/bin/sphinx-build -b html -d /Development/plone/plone.restapi/docs/doctrees   /Development/plone/plone.restapi/docs/source /Development/plone/plone.restapi/docs/html
Running Sphinx v1.6.5
making output directory...
loading pickled environment... not yet created
building [mo]: targets for 0 po files that are out of date
building [html]: targets for 43 source files that are out of date
updating environment: 43 added, 0 changed, 0 removed
reading sources... [  2%] actions
reading sources... [  4%] authentication
reading sources... [  6%] batching
reading sources... [  9%] breadcrumbs
reading sources... [ 11%] comments
reading sources... [ 13%] components
reading sources... [ 16%] content
reading sources... [ 18%] content-negotiation
reading sources... [ 20%] contributing
reading sources... [ 23%] controlpanels
reading sources... [ 25%] conventions
reading sources... [ 27%] copymove
reading sources... [ 30%] customization
reading sources... [ 32%] email-notification
reading sources... [ 34%] email-send
reading sources... [ 37%] expansion
reading sources... [ 39%] exploring
reading sources... [ 41%] glossary
reading sources... [ 44%] groups
reading sources... [ 46%] history
reading sources... [ 48%] http-status-codes
reading sources... [ 51%] i18n
reading sources... [ 53%] index
reading sources... [ 55%] introduction
reading sources... [ 58%] locking
reading sources... [ 60%] navigation
reading sources... [ 62%] plone-content
reading sources... [ 65%] principals
reading sources... [ 67%] querystring
reading sources... [ 69%] registry
reading sources... [ 72%] roles
reading sources... [ 74%] searching
reading sources... [ 76%] serialization
reading sources... [ 79%] sharing
reading sources... [ 81%] tiles
reading sources... [ 83%] translations
reading sources... [ 86%] tusupload
reading sources... [ 88%] types
reading sources... [ 90%] types-schema
reading sources... [ 93%] upgrade-guide
reading sources... [ 95%] users
reading sources... [ 97%] vocabularies
reading sources... [100%] workflow

looking for now-outdated files... none found
pickling environment... done
checking consistency... done
preparing documents... done
writing output... [  2%] actions
writing output... [  4%] authentication
writing output... [  6%] batching
writing output... [  9%] breadcrumbs
writing output... [ 11%] comments
writing output... [ 13%] components
writing output... [ 16%] content
writing output... [ 18%] content-negotiation
writing output... [ 20%] contributing
writing output... [ 23%] controlpanels
writing output... [ 25%] conventions
writing output... [ 27%] copymove
writing output... [ 30%] customization
writing output... [ 32%] email-notification
writing output... [ 34%] email-send
writing output... [ 37%] expansion
writing output... [ 39%] exploring
writing output... [ 41%] glossary
writing output... [ 44%] groups
writing output... [ 46%] history
writing output... [ 48%] http-status-codes
writing output... [ 51%] i18n
writing output... [ 53%] index
writing output... [ 55%] introduction
writing output... [ 58%] locking
writing output... [ 60%] navigation
writing output... [ 62%] plone-content
writing output... [ 65%] principals
writing output... [ 67%] querystring
writing output... [ 69%] registry
writing output... [ 72%] roles
writing output... [ 74%] searching
writing output... [ 76%] serialization
writing output... [ 79%] sharing
writing output... [ 81%] tiles
writing output... [ 83%] translations
writing output... [ 86%] tusupload
writing output... [ 88%] types
writing output... [ 90%] types-schema
writing output... [ 93%] upgrade-guide
writing output... [ 95%] users
writing output... [ 97%] vocabularies
writing output... [100%] workflow

generating indices... genindex
writing additional pages... search
copying images... [ 20%] ./_static/img/postman_retain_headers.png
copying images... [ 40%] ./_static/img/postman_request.png
copying images... [ 60%] ./_static/img/postman_basic_auth.png
copying images... [ 80%] ./_static/img/postman_headers.png
copying images... [100%] ./_static/img/postman_response.png

copying static files... done
copying extra files... done
dumping search index in English (code: en) ... done
dumping object inventory... done
build succeeded.

Build finished. The HTML pages are in /Development/plone/plone.restapi/docs/html.
